# JRE version: OpenJDK Runtime Environment (8.0_60-b24) (build 1.8.0_60-b24)
# Java VM: OpenJDK 64-Bit Server VM (25.60-b23 mixed mode linux-amd64 compressed oops)
Heap:
 PSYoungGen      total 33280K, used 14084K [0x00000000ec500000, 0x00000000f0600000, 0x0000000100000000)
  eden space 30720K, 37% used [0x00000000ec500000,0x00000000ed045ab8,0x00000000ee300000)
  from space 2560K, 99% used [0x00000000ee300000,0x00000000ee57b550,0x00000000ee580000)
  to   space 2560K, 0% used [0x00000000f0380000,0x00000000f0380000,0x00000000f0600000)
 ParOldGen       total 40960K, used 12571K [0x00000000c4e00000, 0x00000000c7600000, 0x00000000ec500000)
  object space 40960K, 30% used [0x00000000c4e00000,0x00000000c5a46f80,0x00000000c7600000)
 Metaspace       used 18393K, capacity 18623K, committed 18816K, reserved 1067008K
  class space    used 1785K, capacity 1898K, committed 1920K, reserved 1048576K
GC Heap History (6 events):
Event: 0.738 GC heap before
{Heap before GC invocations=1 (full 0):
 PSYoungGen      total 17920K, used 15003K [0x00000000ec500000, 0x00000000ed900000, 0x0000000100000000)
  eden space 15360K, 97% used [0x00000000ec500000,0x00000000ed3a6ce8,0x00000000ed400000)
  from space 2560K, 0% used [0x00000000ed680000,0x00000000ed680000,0x00000000ed900000)
  to   space 2560K, 0% used [0x00000000ed400000,0x00000000ed400000,0x00000000ed680000)
 ParOldGen       total 40960K, used 0K [0x00000000c4e00000, 0x00000000c7600000, 0x00000000ec500000)
  object space 40960K, 0% used [0x00000000c4e00000,0x00000000c4e00000,0x00000000c7600000)
 Metaspace       used 12989K, capacity 13186K, committed 13312K, reserved 1060864K
  class space    used 1376K, capacity 1453K, committed 1536K, reserved 1048576K
Event: 0.755 GC heap after
Heap after GC invocations=1 (full 0):
 PSYoungGen      total 17920K, used 2529K [0x00000000ec500000, 0x00000000ee800000, 0x0000000100000000)
  eden space 15360K, 0% used [0x00000000ec500000,0x00000000ec500000,0x00000000ed400000)
  from space 2560K, 98% used [0x00000000ed400000,0x00000000ed678460,0x00000000ed680000)
  to   space 2560K, 0% used [0x00000000ee580000,0x00000000ee580000,0x00000000ee800000)
 ParOldGen       total 40960K, used 1581K [0x00000000c4e00000, 0x00000000c7600000, 0x00000000ec500000)
  object space 40960K, 3% used [0x00000000c4e00000,0x00000000c4f8b7b0,0x00000000c7600000)
 Metaspace       used 12989K, capacity 13186K, committed 13312K, reserved 1060864K
  class space    used 1376K, capacity 1453K, committed 1536K, reserved 1048576K
}
Event: 1.428 GC heap before
{Heap before GC invocations=2 (full 0):
 PSYoungGen      total 17920K, used 16101K [0x00000000ec500000, 0x00000000ee800000, 0x0000000100000000)
  eden space 15360K, 88% used [0x00000000ec500000,0x00000000ed241228,0x00000000ed400000)
  from space 2560K, 98% used [0x00000000ed400000,0x00000000ed678460,0x00000000ed680000)
  to   space 2560K, 0% used [0x00000000ee580000,0x00000000ee580000,0x00000000ee800000)
 ParOldGen       total 40960K, used 1581K [0x00000000c4e00000, 0x00000000c7600000, 0x00000000ec500000)
  object space 40960K, 3% used [0x00000000c4e00000,0x00000000c4f8b7b0,0x00000000c7600000)
 Metaspace       used 17211K, capacity 17391K, committed 17664K, reserved 1064960K
  class space    used 1642K, capacity 1702K, committed 1792K, reserved 1048576K
Event: 1.436 GC heap after
Heap after GC invocations=2 (full 0):
 PSYoungGen      total 33280K, used 2557K [0x00000000ec500000, 0x00000000ee800000, 0x0000000100000000)
  eden space 30720K, 0% used [0x00000000ec500000,0x00000000ec500000,0x00000000ee300000)
  from space 2560K, 99% used [0x00000000ee580000,0x00000000ee7ff410,0x00000000ee800000)
  to   space 2560K, 0% used [0x00000000ee300000,0x00000000ee300000,0x00000000ee580000)
 ParOldGen       total 40960K, used 4729K [0x00000000c4e00000, 0x00000000c7600000, 0x00000000ec500000)
  object space 40960K, 11% used [0x00000000c4e00000,0x00000000c529e650,0x00000000c7600000)
 Metaspace       used 17211K, capacity 17391K, committed 17664K, reserved 1064960K
  class space    used 1642K, capacity 1702K, committed 1792K, reserved 1048576K
}
Event: 1.677 GC heap before
{Heap before GC invocations=3 (full 0):
 PSYoungGen      total 33280K, used 33277K [0x00000000ec500000, 0x00000000ee800000, 0x0000000100000000)
  eden space 30720K, 100% used [0x00000000ec500000,0x00000000ee300000,0x00000000ee300000)
  from space 2560K, 99% used [0x00000000ee580000,0x00000000ee7ff410,0x00000000ee800000)
  to   space 2560K, 0% used [0x00000000ee300000,0x00000000ee300000,0x00000000ee580000)
 ParOldGen       total 40960K, used 4729K [0x00000000c4e00000, 0x00000000c7600000, 0x00000000ec500000)
  object space 40960K, 11% used [0x00000000c4e00000,0x00000000c529e650,0x00000000c7600000)
 Metaspace       used 17334K, capacity 17519K, committed 17664K, reserved 1064960K
  class space    used 1651K, capacity 1702K, committed 1792K, reserved 1048576K
Event: 1.684 GC heap after
Heap after GC invocations=3 (full 0):
 PSYoungGen      total 33280K, used 2541K [0x00000000ec500000, 0x00000000f0600000, 0x0000000100000000)
  eden space 30720K, 0% used [0x00000000ec500000,0x00000000ec500000,0x00000000ee300000)
  from space 2560K, 99% used [0x00000000ee300000,0x00000000ee57b550,0x00000000ee580000)
  to   space 2560K, 0% used [0x00000000f0380000,0x00000000f0380000,0x00000000f0600000)
 ParOldGen       total 40960K, used 12571K [0x00000000c4e00000, 0x00000000c7600000, 0x00000000ec500000)
  object space 40960K, 30% used [0x00000000c4e00000,0x00000000c5a46f80,0x00000000c7600000)
 Metaspace       used 17334K, capacity 17519K, committed 17664K, reserved 1064960K
  class space    used 1651K, capacity 1702K, committed 1792K, reserved 1048576K
}

