# JRE version: OpenJDK Runtime Environment (8.0_60-b24) (build 1.8.0_60-b24)
# Java VM: OpenJDK 64-Bit Server VM (25.60-b23 mixed mode linux-amd64 compressed oops)
Heap:
 PSYoungGen      total 30720K, used 32K [0x00000000ec500000, 0x00000000ee780000, 0x0000000100000000)
  eden space 27136K, 0% used [0x00000000ec500000,0x00000000ec500000,0x00000000edf80000)
  from space 3584K, 0% used [0x00000000edf80000,0x00000000edf88000,0x00000000ee300000)
  to   space 3584K, 0% used [0x00000000ee300000,0x00000000ee300000,0x00000000ee680000)
 ParOldGen       total 40960K, used 4489K [0x00000000c4e00000, 0x00000000c7600000, 0x00000000ec500000)
  object space 40960K, 10% used [0x00000000c4e00000,0x00000000c52625a0,0x00000000c7600000)
 Metaspace       used 14738K, capacity 14962K, committed 15104K, reserved 1062912K
  class space    used 1674K, capacity 1759K, committed 1792K, reserved 1048576K
GC Heap History (10 events):
Event: 142.389 GC heap after
Heap after GC invocations=18 (full 0):
 PSYoungGen      total 24576K, used 64K [0x00000000ec500000, 0x00000000ee180000, 0x0000000100000000)
  eden space 20992K, 0% used [0x00000000ec500000,0x00000000ec500000,0x00000000ed980000)
  from space 3584K, 1% used [0x00000000ede00000,0x00000000ede10000,0x00000000ee180000)
  to   space 4096K, 0% used [0x00000000ed980000,0x00000000ed980000,0x00000000edd80000)
 ParOldGen       total 40960K, used 4489K [0x00000000c4e00000, 0x00000000c7600000, 0x00000000ec500000)
  object space 40960K, 10% used [0x00000000c4e00000,0x00000000c52625a0,0x00000000c7600000)
 Metaspace       used 14736K, capacity 14962K, committed 15104K, reserved 1062912K
  class space    used 1674K, capacity 1759K, committed 1792K, reserved 1048576K
}
Event: 158.075 GC heap before
{Heap before GC invocations=19 (full 0):
 PSYoungGen      total 24576K, used 21056K [0x00000000ec500000, 0x00000000ee180000, 0x0000000100000000)
  eden space 20992K, 100% used [0x00000000ec500000,0x00000000ed980000,0x00000000ed980000)
  from space 3584K, 1% used [0x00000000ede00000,0x00000000ede10000,0x00000000ee180000)
  to   space 4096K, 0% used [0x00000000ed980000,0x00000000ed980000,0x00000000edd80000)
 ParOldGen       total 40960K, used 4489K [0x00000000c4e00000, 0x00000000c7600000, 0x00000000ec500000)
  object space 40960K, 10% used [0x00000000c4e00000,0x00000000c52625a0,0x00000000c7600000)
 Metaspace       used 14736K, capacity 14962K, committed 15104K, reserved 1062912K
  class space    used 1674K, capacity 1759K, committed 1792K, reserved 1048576K
Event: 158.192 GC heap after
Heap after GC invocations=19 (full 0):
 PSYoungGen      total 25088K, used 32K [0x00000000ec500000, 0x00000000eea00000, 0x0000000100000000)
  eden space 20992K, 0% used [0x00000000ec500000,0x00000000ec500000,0x00000000ed980000)
  from space 4096K, 0% used [0x00000000ed980000,0x00000000ed988000,0x00000000edd80000)
  to   space 4096K, 0% used [0x00000000ee600000,0x00000000ee600000,0x00000000eea00000)
 ParOldGen       total 40960K, used 4489K [0x00000000c4e00000, 0x00000000c7600000, 0x00000000ec500000)
  object space 40960K, 10% used [0x00000000c4e00000,0x00000000c52625a0,0x00000000c7600000)
 Metaspace       used 14736K, capacity 14962K, committed 15104K, reserved 1062912K
  class space    used 1674K, capacity 1759K, committed 1792K, reserved 1048576K
}
Event: 185.154 GC heap before
{Heap before GC invocations=20 (full 0):
 PSYoungGen      total 25088K, used 21024K [0x00000000ec500000, 0x00000000eea00000, 0x0000000100000000)
  eden space 20992K, 100% used [0x00000000ec500000,0x00000000ed980000,0x00000000ed980000)
  from space 4096K, 0% used [0x00000000ed980000,0x00000000ed988000,0x00000000edd80000)
  to   space 4096K, 0% used [0x00000000ee600000,0x00000000ee600000,0x00000000eea00000)
 ParOldGen       total 40960K, used 4489K [0x00000000c4e00000, 0x00000000c7600000, 0x00000000ec500000)
  object space 40960K, 10% used [0x00000000c4e00000,0x00000000c52625a0,0x00000000c7600000)
 Metaspace       used 14738K, capacity 14962K, committed 15104K, reserved 1062912K
  class space    used 1674K, capacity 1759K, committed 1792K, reserved 1048576K
Event: 185.404 GC heap after
Heap after GC invocations=20 (full 0):
 PSYoungGen      total 20992K, used 32K [0x00000000ec500000, 0x00000000ee680000, 0x0000000100000000)
  eden space 20480K, 0% used [0x00000000ec500000,0x00000000ec500000,0x00000000ed900000)
  from space 512K, 6% used [0x00000000ee600000,0x00000000ee608000,0x00000000ee680000)
  to   space 3584K, 0% used [0x00000000edf80000,0x00000000edf80000,0x00000000ee300000)
 ParOldGen       total 40960K, used 4489K [0x00000000c4e00000, 0x00000000c7600000, 0x00000000ec500000)
  object space 40960K, 10% used [0x00000000c4e00000,0x00000000c52625a0,0x00000000c7600000)
 Metaspace       used 14738K, capacity 14962K, committed 15104K, reserved 1062912K
  class space    used 1674K, capacity 1759K, committed 1792K, reserved 1048576K
}
Event: 249.952 GC heap before
{Heap before GC invocations=21 (full 0):
 PSYoungGen      total 20992K, used 20512K [0x00000000ec500000, 0x00000000ee680000, 0x0000000100000000)
  eden space 20480K, 100% used [0x00000000ec500000,0x00000000ed900000,0x00000000ed900000)
  from space 512K, 6% used [0x00000000ee600000,0x00000000ee608000,0x00000000ee680000)
  to   space 3584K, 0% used [0x00000000edf80000,0x00000000edf80000,0x00000000ee300000)
 ParOldGen       total 40960K, used 4489K [0x00000000c4e00000, 0x00000000c7600000, 0x00000000ec500000)
  object space 40960K, 10% used [0x00000000c4e00000,0x00000000c52625a0,0x00000000c7600000)
 Metaspace       used 14738K, capacity 14962K, committed 15104K, reserved 1062912K
  class space    used 1674K, capacity 1759K, committed 1792K, reserved 1048576K
Event: 250.592 GC heap after
Heap after GC invocations=21 (full 0):
 PSYoungGen      total 23552K, used 32K [0x00000000ec500000, 0x00000000ee680000, 0x0000000100000000)
  eden space 19968K, 0% used [0x00000000ec500000,0x00000000ec500000,0x00000000ed880000)
  from space 3584K, 0% used [0x00000000edf80000,0x00000000edf88000,0x00000000ee300000)
  to   space 3584K, 0% used [0x00000000ee300000,0x00000000ee300000,0x00000000ee680000)
 ParOldGen       total 40960K, used 4489K [0x00000000c4e00000, 0x00000000c7600000, 0x00000000ec500000)
  object space 40960K, 10% used [0x00000000c4e00000,0x00000000c52625a0,0x00000000c7600000)
 Metaspace       used 14738K, capacity 14962K, committed 15104K, reserved 1062912K
  class space    used 1674K, capacity 1759K, committed 1792K, reserved 1048576K
}
Event: 320.316 GC heap before
{Heap before GC invocations=22 (full 0):
 PSYoungGen      total 23552K, used 20000K [0x00000000ec500000, 0x00000000ee680000, 0x0000000100000000)
  eden space 19968K, 100% used [0x00000000ec500000,0x00000000ed880000,0x00000000ed880000)
  from space 3584K, 0% used [0x00000000edf80000,0x00000000edf88000,0x00000000ee300000)
  to   space 3584K, 0% used [0x00000000ee300000,0x00000000ee300000,0x00000000ee680000)
 ParOldGen       total 40960K, used 4489K [0x00000000c4e00000, 0x00000000c7600000, 0x00000000ec500000)
  object space 40960K, 10% used [0x00000000c4e00000,0x00000000c52625a0,0x00000000c7600000)
 Metaspace       used 14738K, capacity 14962K, committed 15104K, reserved 1062912K
  class space    used 1674K, capacity 1759K, committed 1792K, reserved 1048576K
Event: 321.926 GC heap after
Heap after GC invocations=22 (full 0):
 PSYoungGen      total 30720K, used 32K [0x00000000ec500000, 0x00000000ee780000, 0x0000000100000000)
  eden space 27136K, 0% used [0x00000000ec500000,0x00000000ec500000,0x00000000edf80000)
  from space 3584K, 0% used [0x00000000ee300000,0x00000000ee308000,0x00000000ee680000)
  to   space 3584K, 0% used [0x00000000edf80000,0x00000000edf80000,0x00000000ee300000)
 ParOldGen       total 40960K, used 4489K [0x00000000c4e00000, 0x00000000c7600000, 0x00000000ec500000)
  object space 40960K, 10% used [0x00000000c4e00000,0x00000000c52625a0,0x00000000c7600000)
 Metaspace       used 14738K, capacity 14962K, committed 15104K, reserved 1062912K
  class space    used 1674K, capacity 1759K, committed 1792K, reserved 1048576K
}
Event: 464.285 GC heap before
{Heap before GC invocations=23 (full 0):
 PSYoungGen      total 30720K, used 27168K [0x00000000ec500000, 0x00000000ee780000, 0x0000000100000000)
  eden space 27136K, 100% used [0x00000000ec500000,0x00000000edf80000,0x00000000edf80000)
  from space 3584K, 0% used [0x00000000ee300000,0x00000000ee308000,0x00000000ee680000)
  to   space 3584K, 0% used [0x00000000edf80000,0x00000000edf80000,0x00000000ee300000)
 ParOldGen       total 40960K, used 4489K [0x00000000c4e00000, 0x00000000c7600000, 0x00000000ec500000)
  object space 40960K, 10% used [0x00000000c4e00000,0x00000000c52625a0,0x00000000c7600000)
 Metaspace       used 14738K, capacity 14962K, committed 15104K, reserved 1062912K
  class space    used 1674K, capacity 1759K, committed 1792K, reserved 1048576K

