# JRE version: OpenJDK Runtime Environment (8.0_60-b24) (build 1.8.0_60-b24)
# Java VM: OpenJDK 64-Bit Server VM (25.60-b23 mixed mode linux-amd64 compressed oops)
Heap:
 PSYoungGen      total 33280K, used 13918K [0x00000000ec500000, 0x00000000ee800000, 0x0000000100000000)
  eden space 30720K, 37% used [0x00000000ec500000,0x00000000ed03c548,0x00000000ee300000)
  from space 2560K, 94% used [0x00000000ee580000,0x00000000ee7db3e0,0x00000000ee800000)
  to   space 2560K, 0% used [0x00000000ee300000,0x00000000ee300000,0x00000000ee580000)
 ParOldGen       total 40960K, used 12772K [0x00000000c4e00000, 0x00000000c7600000, 0x00000000ec500000)
  object space 40960K, 31% used [0x00000000c4e00000,0x00000000c5a79110,0x00000000c7600000)
 Metaspace       used 18405K, capacity 18631K, committed 18816K, reserved 1067008K
  class space    used 1788K, capacity 1898K, committed 1920K, reserved 1048576K
GC Heap History (8 events):
Event: 0.690 GC heap before
{Heap before GC invocations=1 (full 0):
 PSYoungGen      total 17920K, used 15146K [0x00000000ec500000, 0x00000000ed900000, 0x0000000100000000)
  eden space 15360K, 98% used [0x00000000ec500000,0x00000000ed3cabd8,0x00000000ed400000)
  from space 2560K, 0% used [0x00000000ed680000,0x00000000ed680000,0x00000000ed900000)
  to   space 2560K, 0% used [0x00000000ed400000,0x00000000ed400000,0x00000000ed680000)
 ParOldGen       total 40960K, used 0K [0x00000000c4e00000, 0x00000000c7600000, 0x00000000ec500000)
  object space 40960K, 0% used [0x00000000c4e00000,0x00000000c4e00000,0x00000000c7600000)
 Metaspace       used 13002K, capacity 13194K, committed 13312K, reserved 1060864K
  class space    used 1380K, capacity 1453K, committed 1536K, reserved 1048576K
Event: 0.696 GC heap after
Heap after GC invocations=1 (full 0):
 PSYoungGen      total 17920K, used 2543K [0x00000000ec500000, 0x00000000ed900000, 0x0000000100000000)
  eden space 15360K, 0% used [0x00000000ec500000,0x00000000ec500000,0x00000000ed400000)
  from space 2560K, 99% used [0x00000000ed400000,0x00000000ed67bc20,0x00000000ed680000)
  to   space 2560K, 0% used [0x00000000ed680000,0x00000000ed680000,0x00000000ed900000)
 ParOldGen       total 40960K, used 1553K [0x00000000c4e00000, 0x00000000c7600000, 0x00000000ec500000)
  object space 40960K, 3% used [0x00000000c4e00000,0x00000000c4f84530,0x00000000c7600000)
 Metaspace       used 13002K, capacity 13194K, committed 13312K, reserved 1060864K
  class space    used 1380K, capacity 1453K, committed 1536K, reserved 1048576K
}
Event: 1.249 GC heap before
{Heap before GC invocations=2 (full 0):
 PSYoungGen      total 17920K, used 16008K [0x00000000ec500000, 0x00000000ed900000, 0x0000000100000000)
  eden space 15360K, 87% used [0x00000000ec500000,0x00000000ed2264a8,0x00000000ed400000)
  from space 2560K, 99% used [0x00000000ed400000,0x00000000ed67bc20,0x00000000ed680000)
  to   space 2560K, 0% used [0x00000000ed680000,0x00000000ed680000,0x00000000ed900000)
 ParOldGen       total 40960K, used 1553K [0x00000000c4e00000, 0x00000000c7600000, 0x00000000ec500000)
  object space 40960K, 3% used [0x00000000c4e00000,0x00000000c4f84530,0x00000000c7600000)
 Metaspace       used 17223K, capacity 17399K, committed 17664K, reserved 1064960K
  class space    used 1646K, capacity 1702K, committed 1792K, reserved 1048576K
Event: 1.259 GC heap after
Heap after GC invocations=2 (full 0):
 PSYoungGen      total 17920K, used 2556K [0x00000000ec500000, 0x00000000ee800000, 0x0000000100000000)
  eden space 15360K, 0% used [0x00000000ec500000,0x00000000ec500000,0x00000000ed400000)
  from space 2560K, 99% used [0x00000000ed680000,0x00000000ed8ff030,0x00000000ed900000)
  to   space 2560K, 0% used [0x00000000ed400000,0x00000000ed400000,0x00000000ed680000)
 ParOldGen       total 40960K, used 4896K [0x00000000c4e00000, 0x00000000c7600000, 0x00000000ec500000)
  object space 40960K, 11% used [0x00000000c4e00000,0x00000000c52c83d0,0x00000000c7600000)
 Metaspace       used 17223K, capacity 17399K, committed 17664K, reserved 1064960K
  class space    used 1646K, capacity 1702K, committed 1792K, reserved 1048576K
}
Event: 1.386 GC heap before
{Heap before GC invocations=3 (full 0):
 PSYoungGen      total 17920K, used 17916K [0x00000000ec500000, 0x00000000ee800000, 0x0000000100000000)
  eden space 15360K, 100% used [0x00000000ec500000,0x00000000ed400000,0x00000000ed400000)
  from space 2560K, 99% used [0x00000000ed680000,0x00000000ed8ff030,0x00000000ed900000)
  to   space 2560K, 0% used [0x00000000ed400000,0x00000000ed400000,0x00000000ed680000)
 ParOldGen       total 40960K, used 4896K [0x00000000c4e00000, 0x00000000c7600000, 0x00000000ec500000)
  object space 40960K, 11% used [0x00000000c4e00000,0x00000000c52c83d0,0x00000000c7600000)
 Metaspace       used 17344K, capacity 17559K, committed 17664K, reserved 1064960K
  class space    used 1655K, capacity 1734K, committed 1792K, reserved 1048576K
Event: 1.391 GC heap after
Heap after GC invocations=3 (full 0):
 PSYoungGen      total 17920K, used 2489K [0x00000000ec500000, 0x00000000ee800000, 0x0000000100000000)
  eden space 15360K, 0% used [0x00000000ec500000,0x00000000ec500000,0x00000000ed400000)
  from space 2560K, 97% used [0x00000000ed400000,0x00000000ed66e5e0,0x00000000ed680000)
  to   space 2560K, 0% used [0x00000000ee580000,0x00000000ee580000,0x00000000ee800000)
 ParOldGen       total 40960K, used 9172K [0x00000000c4e00000, 0x00000000c7600000, 0x00000000ec500000)
  object space 40960K, 22% used [0x00000000c4e00000,0x00000000c56f5010,0x00000000c7600000)
 Metaspace       used 17344K, capacity 17559K, committed 17664K, reserved 1064960K
  class space    used 1655K, capacity 1734K, committed 1792K, reserved 1048576K
}
Event: 1.512 GC heap before
{Heap before GC invocations=4 (full 0):
 PSYoungGen      total 17920K, used 17849K [0x00000000ec500000, 0x00000000ee800000, 0x0000000100000000)
  eden space 15360K, 100% used [0x00000000ec500000,0x00000000ed400000,0x00000000ed400000)
  from space 2560K, 97% used [0x00000000ed400000,0x00000000ed66e5e0,0x00000000ed680000)
  to   space 2560K, 0% used [0x00000000ee580000,0x00000000ee580000,0x00000000ee800000)
 ParOldGen       total 40960K, used 9172K [0x00000000c4e00000, 0x00000000c7600000, 0x00000000ec500000)
  object space 40960K, 22% used [0x00000000c4e00000,0x00000000c56f5010,0x00000000c7600000)
 Metaspace       used 17346K, capacity 17559K, committed 17664K, reserved 1064960K
  class space    used 1655K, capacity 1734K, committed 1792K, reserved 1048576K
Event: 1.517 GC heap after
Heap after GC invocations=4 (full 0):
 PSYoungGen      total 33280K, used 2412K [0x00000000ec500000, 0x00000000ee800000, 0x0000000100000000)
  eden space 30720K, 0% used [0x00000000ec500000,0x00000000ec500000,0x00000000ee300000)
  from space 2560K, 94% used [0x00000000ee580000,0x00000000ee7db3e0,0x00000000ee800000)
  to   space 2560K, 0% used [0x00000000ee300000,0x00000000ee300000,0x00000000ee580000)
 ParOldGen       total 40960K, used 12772K [0x00000000c4e00000, 0x00000000c7600000, 0x00000000ec500000)
  object space 40960K, 31% used [0x00000000c4e00000,0x00000000c5a79110,0x00000000c7600000)
 Metaspace       used 17346K, capacity 17559K, committed 17664K, reserved 1064960K
  class space    used 1655K, capacity 1734K, committed 1792K, reserved 1048576K
}

