# JRE version: OpenJDK Runtime Environment (8.0_60-b24) (build 1.8.0_60-b24)
# Java VM: OpenJDK 64-Bit Server VM (25.60-b23 mixed mode linux-amd64 compressed oops)
Heap:
 PSYoungGen      total 33280K, used 23211K [0x00000000ec500000, 0x00000000ee800000, 0x0000000100000000)
  eden space 30720K, 67% used [0x00000000ec500000,0x00000000ed92f8d8,0x00000000ee300000)
  from space 2560K, 99% used [0x00000000ee580000,0x00000000ee7fb420,0x00000000ee800000)
  to   space 2560K, 0% used [0x00000000ee300000,0x00000000ee300000,0x00000000ee580000)
 ParOldGen       total 40960K, used 4752K [0x00000000c4e00000, 0x00000000c7600000, 0x00000000ec500000)
  object space 40960K, 11% used [0x00000000c4e00000,0x00000000c52a4248,0x00000000c7600000)
 Metaspace       used 18288K, capacity 18493K, committed 18816K, reserved 1067008K
  class space    used 1771K, capacity 1833K, committed 1920K, reserved 1048576K
GC Heap History (4 events):
Event: 0.648 GC heap before
{Heap before GC invocations=1 (full 0):
 PSYoungGen      total 17920K, used 15038K [0x00000000ec500000, 0x00000000ed900000, 0x0000000100000000)
  eden space 15360K, 97% used [0x00000000ec500000,0x00000000ed3af818,0x00000000ed400000)
  from space 2560K, 0% used [0x00000000ed680000,0x00000000ed680000,0x00000000ed900000)
  to   space 2560K, 0% used [0x00000000ed400000,0x00000000ed400000,0x00000000ed680000)
 ParOldGen       total 40960K, used 0K [0x00000000c4e00000, 0x00000000c7600000, 0x00000000ec500000)
  object space 40960K, 0% used [0x00000000c4e00000,0x00000000c4e00000,0x00000000c7600000)
 Metaspace       used 13002K, capacity 13248K, committed 13568K, reserved 1060864K
  class space    used 1379K, capacity 1452K, committed 1536K, reserved 1048576K
Event: 0.661 GC heap after
Heap after GC invocations=1 (full 0):
 PSYoungGen      total 17920K, used 2529K [0x00000000ec500000, 0x00000000ee800000, 0x0000000100000000)
  eden space 15360K, 0% used [0x00000000ec500000,0x00000000ec500000,0x00000000ed400000)
  from space 2560K, 98% used [0x00000000ed400000,0x00000000ed678440,0x00000000ed680000)
  to   space 2560K, 0% used [0x00000000ee580000,0x00000000ee580000,0x00000000ee800000)
 ParOldGen       total 40960K, used 1589K [0x00000000c4e00000, 0x00000000c7600000, 0x00000000ec500000)
  object space 40960K, 3% used [0x00000000c4e00000,0x00000000c4f8d7b0,0x00000000c7600000)
 Metaspace       used 13002K, capacity 13248K, committed 13568K, reserved 1060864K
  class space    used 1379K, capacity 1452K, committed 1536K, reserved 1048576K
}
Event: 1.203 GC heap before
{Heap before GC invocations=2 (full 0):
 PSYoungGen      total 17920K, used 15998K [0x00000000ec500000, 0x00000000ee800000, 0x0000000100000000)
  eden space 15360K, 87% used [0x00000000ec500000,0x00000000ed2275e8,0x00000000ed400000)
  from space 2560K, 98% used [0x00000000ed400000,0x00000000ed678440,0x00000000ed680000)
  to   space 2560K, 0% used [0x00000000ee580000,0x00000000ee580000,0x00000000ee800000)
 ParOldGen       total 40960K, used 1589K [0x00000000c4e00000, 0x00000000c7600000, 0x00000000ec500000)
  object space 40960K, 3% used [0x00000000c4e00000,0x00000000c4f8d7b0,0x00000000c7600000)
 Metaspace       used 17218K, capacity 17389K, committed 17664K, reserved 1064960K
  class space    used 1646K, capacity 1701K, committed 1792K, reserved 1048576K
Event: 1.210 GC heap after
Heap after GC invocations=2 (full 0):
 PSYoungGen      total 33280K, used 2541K [0x00000000ec500000, 0x00000000ee800000, 0x0000000100000000)
  eden space 30720K, 0% used [0x00000000ec500000,0x00000000ec500000,0x00000000ee300000)
  from space 2560K, 99% used [0x00000000ee580000,0x00000000ee7fb420,0x00000000ee800000)
  to   space 2560K, 0% used [0x00000000ee300000,0x00000000ee300000,0x00000000ee580000)
 ParOldGen       total 40960K, used 4752K [0x00000000c4e00000, 0x00000000c7600000, 0x00000000ec500000)
  object space 40960K, 11% used [0x00000000c4e00000,0x00000000c52a4248,0x00000000c7600000)
 Metaspace       used 17218K, capacity 17389K, committed 17664K, reserved 1064960K
  class space    used 1646K, capacity 1701K, committed 1792K, reserved 1048576K
}

