# JRE version: OpenJDK Runtime Environment (8.0_60-b24) (build 1.8.0_60-b24)
# Java VM: OpenJDK 64-Bit Server VM (25.60-b23 mixed mode linux-amd64 compressed oops)
Heap:
 PSYoungGen      total 33280K, used 14423K [0x00000000ec500000, 0x00000000ee800000, 0x0000000100000000)
  eden space 30720K, 38% used [0x00000000ec500000,0x00000000ed099ed8,0x00000000ee300000)
  from space 2560K, 99% used [0x00000000ee580000,0x00000000ee7fbd70,0x00000000ee800000)
  to   space 2560K, 0% used [0x00000000ee300000,0x00000000ee300000,0x00000000ee580000)
 ParOldGen       total 40960K, used 12419K [0x00000000c4e00000, 0x00000000c7600000, 0x00000000ec500000)
  object space 40960K, 30% used [0x00000000c4e00000,0x00000000c5a20f70,0x00000000c7600000)
 Metaspace       used 18414K, capacity 18623K, committed 18816K, reserved 1067008K
  class space    used 1789K, capacity 1898K, committed 1920K, reserved 1048576K
GC Heap History (8 events):
Event: 0.745 GC heap before
{Heap before GC invocations=1 (full 0):
 PSYoungGen      total 17920K, used 15200K [0x00000000ec500000, 0x00000000ed900000, 0x0000000100000000)
  eden space 15360K, 98% used [0x00000000ec500000,0x00000000ed3d83f0,0x00000000ed400000)
  from space 2560K, 0% used [0x00000000ed680000,0x00000000ed680000,0x00000000ed900000)
  to   space 2560K, 0% used [0x00000000ed400000,0x00000000ed400000,0x00000000ed680000)
 ParOldGen       total 40960K, used 0K [0x00000000c4e00000, 0x00000000c7600000, 0x00000000ec500000)
  object space 40960K, 0% used [0x00000000c4e00000,0x00000000c4e00000,0x00000000c7600000)
 Metaspace       used 13012K, capacity 13250K, committed 13568K, reserved 1060864K
  class space    used 1378K, capacity 1453K, committed 1536K, reserved 1048576K
Event: 0.751 GC heap after
Heap after GC invocations=1 (full 0):
 PSYoungGen      total 17920K, used 2543K [0x00000000ec500000, 0x00000000ed900000, 0x0000000100000000)
  eden space 15360K, 0% used [0x00000000ec500000,0x00000000ec500000,0x00000000ed400000)
  from space 2560K, 99% used [0x00000000ed400000,0x00000000ed67bc20,0x00000000ed680000)
  to   space 2560K, 0% used [0x00000000ed680000,0x00000000ed680000,0x00000000ed900000)
 ParOldGen       total 40960K, used 1456K [0x00000000c4e00000, 0x00000000c7600000, 0x00000000ec500000)
  object space 40960K, 3% used [0x00000000c4e00000,0x00000000c4f6c268,0x00000000c7600000)
 Metaspace       used 13012K, capacity 13250K, committed 13568K, reserved 1060864K
  class space    used 1378K, capacity 1453K, committed 1536K, reserved 1048576K
}
Event: 1.297 GC heap before
{Heap before GC invocations=2 (full 0):
 PSYoungGen      total 17920K, used 16419K [0x00000000ec500000, 0x00000000ed900000, 0x0000000100000000)
  eden space 15360K, 90% used [0x00000000ec500000,0x00000000ed28d2b8,0x00000000ed400000)
  from space 2560K, 99% used [0x00000000ed400000,0x00000000ed67bc20,0x00000000ed680000)
  to   space 2560K, 0% used [0x00000000ed680000,0x00000000ed680000,0x00000000ed900000)
 ParOldGen       total 40960K, used 1456K [0x00000000c4e00000, 0x00000000c7600000, 0x00000000ec500000)
  object space 40960K, 3% used [0x00000000c4e00000,0x00000000c4f6c268,0x00000000c7600000)
 Metaspace       used 17237K, capacity 17391K, committed 17664K, reserved 1064960K
  class space    used 1645K, capacity 1702K, committed 1792K, reserved 1048576K
Event: 1.307 GC heap after
Heap after GC invocations=2 (full 0):
 PSYoungGen      total 17920K, used 2541K [0x00000000ec500000, 0x00000000ee800000, 0x0000000100000000)
  eden space 15360K, 0% used [0x00000000ec500000,0x00000000ec500000,0x00000000ed400000)
  from space 2560K, 99% used [0x00000000ed680000,0x00000000ed8fb420,0x00000000ed900000)
  to   space 2560K, 0% used [0x00000000ed400000,0x00000000ed400000,0x00000000ed680000)
 ParOldGen       total 40960K, used 4615K [0x00000000c4e00000, 0x00000000c7600000, 0x00000000ec500000)
  object space 40960K, 11% used [0x00000000c4e00000,0x00000000c5281e30,0x00000000c7600000)
 Metaspace       used 17237K, capacity 17391K, committed 17664K, reserved 1064960K
  class space    used 1645K, capacity 1702K, committed 1792K, reserved 1048576K
}
Event: 1.421 GC heap before
{Heap before GC invocations=3 (full 0):
 PSYoungGen      total 17920K, used 17901K [0x00000000ec500000, 0x00000000ee800000, 0x0000000100000000)
  eden space 15360K, 100% used [0x00000000ec500000,0x00000000ed400000,0x00000000ed400000)
  from space 2560K, 99% used [0x00000000ed680000,0x00000000ed8fb420,0x00000000ed900000)
  to   space 2560K, 0% used [0x00000000ed400000,0x00000000ed400000,0x00000000ed680000)
 ParOldGen       total 40960K, used 4615K [0x00000000c4e00000, 0x00000000c7600000, 0x00000000ec500000)
  object space 40960K, 11% used [0x00000000c4e00000,0x00000000c5281e30,0x00000000c7600000)
 Metaspace       used 17363K, capacity 17615K, committed 17920K, reserved 1064960K
  class space    used 1654K, capacity 1734K, committed 1792K, reserved 1048576K
Event: 1.426 GC heap after
Heap after GC invocations=3 (full 0):
 PSYoungGen      total 17920K, used 2549K [0x00000000ec500000, 0x00000000ee800000, 0x0000000100000000)
  eden space 15360K, 0% used [0x00000000ec500000,0x00000000ec500000,0x00000000ed400000)
  from space 2560K, 99% used [0x00000000ed400000,0x00000000ed67d480,0x00000000ed680000)
  to   space 2560K, 0% used [0x00000000ee580000,0x00000000ee580000,0x00000000ee800000)
 ParOldGen       total 40960K, used 8948K [0x00000000c4e00000, 0x00000000c7600000, 0x00000000ec500000)
  object space 40960K, 21% used [0x00000000c4e00000,0x00000000c56bd280,0x00000000c7600000)
 Metaspace       used 17363K, capacity 17615K, committed 17920K, reserved 1064960K
  class space    used 1654K, capacity 1734K, committed 1792K, reserved 1048576K
}
Event: 1.546 GC heap before
{Heap before GC invocations=4 (full 0):
 PSYoungGen      total 17920K, used 17909K [0x00000000ec500000, 0x00000000ee800000, 0x0000000100000000)
  eden space 15360K, 100% used [0x00000000ec500000,0x00000000ed400000,0x00000000ed400000)
  from space 2560K, 99% used [0x00000000ed400000,0x00000000ed67d480,0x00000000ed680000)
  to   space 2560K, 0% used [0x00000000ee580000,0x00000000ee580000,0x00000000ee800000)
 ParOldGen       total 40960K, used 8948K [0x00000000c4e00000, 0x00000000c7600000, 0x00000000ec500000)
  object space 40960K, 21% used [0x00000000c4e00000,0x00000000c56bd280,0x00000000c7600000)
 Metaspace       used 17364K, capacity 17615K, committed 17920K, reserved 1064960K
  class space    used 1654K, capacity 1734K, committed 1792K, reserved 1048576K
Event: 1.551 GC heap after
Heap after GC invocations=4 (full 0):
 PSYoungGen      total 33280K, used 2543K [0x00000000ec500000, 0x00000000ee800000, 0x0000000100000000)
  eden space 30720K, 0% used [0x00000000ec500000,0x00000000ec500000,0x00000000ee300000)
  from space 2560K, 99% used [0x00000000ee580000,0x00000000ee7fbd70,0x00000000ee800000)
  to   space 2560K, 0% used [0x00000000ee300000,0x00000000ee300000,0x00000000ee580000)
 ParOldGen       total 40960K, used 12419K [0x00000000c4e00000, 0x00000000c7600000, 0x00000000ec500000)
  object space 40960K, 30% used [0x00000000c4e00000,0x00000000c5a20f70,0x00000000c7600000)
 Metaspace       used 17364K, capacity 17615K, committed 17920K, reserved 1064960K
  class space    used 1654K, capacity 1734K, committed 1792K, reserved 1048576K
}

