# JRE version: OpenJDK Runtime Environment (8.0_60-b24) (build 1.8.0_60-b24)
# Java VM: OpenJDK 64-Bit Server VM (25.60-b23 mixed mode linux-amd64 compressed oops)
Heap:
 PSYoungGen      total 215552K, used 736K [0x00000000ec500000, 0x00000000fa980000, 0x0000000100000000)
  eden space 197120K, 0% used [0x00000000ec500000,0x00000000ec500000,0x00000000f8580000)
  from space 18432K, 3% used [0x00000000f8580000,0x00000000f8638000,0x00000000f9780000)
  to   space 17920K, 0% used [0x00000000f9800000,0x00000000f9800000,0x00000000fa980000)
 ParOldGen       total 98816K, used 44058K [0x00000000c4e00000, 0x00000000cae80000, 0x00000000ec500000)
  object space 98816K, 44% used [0x00000000c4e00000,0x00000000c7906be0,0x00000000cae80000)
 Metaspace       used 16928K, capacity 17132K, committed 17408K, reserved 1064960K
  class space    used 1874K, capacity 1950K, committed 2048K, reserved 1048576K
GC Heap History (10 events):
Event: 461.561 GC heap after
Heap after GC invocations=24 (full 2):
 PSYoungGen      total 178176K, used 992K [0x00000000ec500000, 0x00000000f8b80000, 0x0000000100000000)
  eden space 153600K, 0% used [0x00000000ec500000,0x00000000ec500000,0x00000000f5b00000)
  from space 24576K, 4% used [0x00000000f7200000,0x00000000f72f8000,0x00000000f8a00000)
  to   space 23552K, 0% used [0x00000000f5b00000,0x00000000f5b00000,0x00000000f7200000)
 ParOldGen       total 98816K, used 43706K [0x00000000c4e00000, 0x00000000cae80000, 0x00000000ec500000)
  object space 98816K, 44% used [0x00000000c4e00000,0x00000000c78aebe0,0x00000000cae80000)
 Metaspace       used 16927K, capacity 17132K, committed 17408K, reserved 1064960K
  class space    used 1874K, capacity 1950K, committed 2048K, reserved 1048576K
}
Event: 462.492 GC heap before
{Heap before GC invocations=25 (full 2):
 PSYoungGen      total 178176K, used 154592K [0x00000000ec500000, 0x00000000f8b80000, 0x0000000100000000)
  eden space 153600K, 100% used [0x00000000ec500000,0x00000000f5b00000,0x00000000f5b00000)
  from space 24576K, 4% used [0x00000000f7200000,0x00000000f72f8000,0x00000000f8a00000)
  to   space 23552K, 0% used [0x00000000f5b00000,0x00000000f5b00000,0x00000000f7200000)
 ParOldGen       total 98816K, used 43706K [0x00000000c4e00000, 0x00000000cae80000, 0x00000000ec500000)
  object space 98816K, 44% used [0x00000000c4e00000,0x00000000c78aebe0,0x00000000cae80000)
 Metaspace       used 16927K, capacity 17132K, committed 17408K, reserved 1064960K
  class space    used 1874K, capacity 1950K, committed 2048K, reserved 1048576K
Event: 462.503 GC heap after
Heap after GC invocations=25 (full 2):
 PSYoungGen      total 177152K, used 1056K [0x00000000ec500000, 0x00000000f9a80000, 0x0000000100000000)
  eden space 153600K, 0% used [0x00000000ec500000,0x00000000ec500000,0x00000000f5b00000)
  from space 23552K, 4% used [0x00000000f5b00000,0x00000000f5c08000,0x00000000f7200000)
  to   space 22016K, 0% used [0x00000000f8500000,0x00000000f8500000,0x00000000f9a80000)
 ParOldGen       total 98816K, used 43706K [0x00000000c4e00000, 0x00000000cae80000, 0x00000000ec500000)
  object space 98816K, 44% used [0x00000000c4e00000,0x00000000c78aebe0,0x00000000cae80000)
 Metaspace       used 16927K, capacity 17132K, committed 17408K, reserved 1064960K
  class space    used 1874K, capacity 1950K, committed 2048K, reserved 1048576K
}
Event: 463.048 GC heap before
{Heap before GC invocations=26 (full 2):
 PSYoungGen      total 177152K, used 154656K [0x00000000ec500000, 0x00000000f9a80000, 0x0000000100000000)
  eden space 153600K, 100% used [0x00000000ec500000,0x00000000f5b00000,0x00000000f5b00000)
  from space 23552K, 4% used [0x00000000f5b00000,0x00000000f5c08000,0x00000000f7200000)
  to   space 22016K, 0% used [0x00000000f8500000,0x00000000f8500000,0x00000000f9a80000)
 ParOldGen       total 98816K, used 43706K [0x00000000c4e00000, 0x00000000cae80000, 0x00000000ec500000)
  object space 98816K, 44% used [0x00000000c4e00000,0x00000000c78aebe0,0x00000000cae80000)
 Metaspace       used 16927K, capacity 17132K, committed 17408K, reserved 1064960K
  class space    used 1874K, capacity 1950K, committed 2048K, reserved 1048576K
Event: 463.060 GC heap after
Heap after GC invocations=26 (full 2):
 PSYoungGen      total 197632K, used 1024K [0x00000000ec500000, 0x00000000f9c80000, 0x0000000100000000)
  eden space 175616K, 0% used [0x00000000ec500000,0x00000000ec500000,0x00000000f7080000)
  from space 22016K, 4% used [0x00000000f8500000,0x00000000f8600000,0x00000000f9a80000)
  to   space 20992K, 0% used [0x00000000f7080000,0x00000000f7080000,0x00000000f8500000)
 ParOldGen       total 98816K, used 43714K [0x00000000c4e00000, 0x00000000cae80000, 0x00000000ec500000)
  object space 98816K, 44% used [0x00000000c4e00000,0x00000000c78b0be0,0x00000000cae80000)
 Metaspace       used 16927K, capacity 17132K, committed 17408K, reserved 1064960K
  class space    used 1874K, capacity 1950K, committed 2048K, reserved 1048576K
}
Event: 463.643 GC heap before
{Heap before GC invocations=27 (full 2):
 PSYoungGen      total 197632K, used 176640K [0x00000000ec500000, 0x00000000f9c80000, 0x0000000100000000)
  eden space 175616K, 100% used [0x00000000ec500000,0x00000000f7080000,0x00000000f7080000)
  from space 22016K, 4% used [0x00000000f8500000,0x00000000f8600000,0x00000000f9a80000)
  to   space 20992K, 0% used [0x00000000f7080000,0x00000000f7080000,0x00000000f8500000)
 ParOldGen       total 98816K, used 43714K [0x00000000c4e00000, 0x00000000cae80000, 0x00000000ec500000)
  object space 98816K, 44% used [0x00000000c4e00000,0x00000000c78b0be0,0x00000000cae80000)
 Metaspace       used 16927K, capacity 17132K, committed 17408K, reserved 1064960K
  class space    used 1874K, capacity 1950K, committed 2048K, reserved 1048576K
Event: 463.653 GC heap after
Heap after GC invocations=27 (full 2):
 PSYoungGen      total 196608K, used 1024K [0x00000000ec500000, 0x00000000fab00000, 0x0000000100000000)
  eden space 175616K, 0% used [0x00000000ec500000,0x00000000ec500000,0x00000000f7080000)
  from space 20992K, 4% used [0x00000000f7080000,0x00000000f7180000,0x00000000f8500000)
  to   space 19456K, 0% used [0x00000000f9800000,0x00000000f9800000,0x00000000fab00000)
 ParOldGen       total 98816K, used 43714K [0x00000000c4e00000, 0x00000000cae80000, 0x00000000ec500000)
  object space 98816K, 44% used [0x00000000c4e00000,0x00000000c78b0be0,0x00000000cae80000)
 Metaspace       used 16927K, capacity 17132K, committed 17408K, reserved 1064960K
  class space    used 1874K, capacity 1950K, committed 2048K, reserved 1048576K
}
Event: 464.273 GC heap before
{Heap before GC invocations=28 (full 2):
 PSYoungGen      total 196608K, used 176640K [0x00000000ec500000, 0x00000000fab00000, 0x0000000100000000)
  eden space 175616K, 100% used [0x00000000ec500000,0x00000000f7080000,0x00000000f7080000)
  from space 20992K, 4% used [0x00000000f7080000,0x00000000f7180000,0x00000000f8500000)
  to   space 19456K, 0% used [0x00000000f9800000,0x00000000f9800000,0x00000000fab00000)
 ParOldGen       total 98816K, used 43714K [0x00000000c4e00000, 0x00000000cae80000, 0x00000000ec500000)
  object space 98816K, 44% used [0x00000000c4e00000,0x00000000c78b0be0,0x00000000cae80000)
 Metaspace       used 16927K, capacity 17132K, committed 17408K, reserved 1064960K
  class space    used 1874K, capacity 1950K, committed 2048K, reserved 1048576K
Event: 464.290 GC heap after
Heap after GC invocations=28 (full 2):
 PSYoungGen      total 215040K, used 736K [0x00000000ec500000, 0x00000000fa980000, 0x0000000100000000)
  eden space 197120K, 0% used [0x00000000ec500000,0x00000000ec500000,0x00000000f8580000)
  from space 17920K, 4% used [0x00000000f9800000,0x00000000f98b8000,0x00000000fa980000)
  to   space 18432K, 0% used [0x00000000f8580000,0x00000000f8580000,0x00000000f9780000)
 ParOldGen       total 98816K, used 44026K [0x00000000c4e00000, 0x00000000cae80000, 0x00000000ec500000)
  object space 98816K, 44% used [0x00000000c4e00000,0x00000000c78febe0,0x00000000cae80000)
 Metaspace       used 16927K, capacity 17132K, committed 17408K, reserved 1064960K
  class space    used 1874K, capacity 1950K, committed 2048K, reserved 1048576K
}
Event: 465.003 GC heap before
{Heap before GC invocations=29 (full 2):
 PSYoungGen      total 215040K, used 197856K [0x00000000ec500000, 0x00000000fa980000, 0x0000000100000000)
  eden space 197120K, 100% used [0x00000000ec500000,0x00000000f8580000,0x00000000f8580000)
  from space 17920K, 4% used [0x00000000f9800000,0x00000000f98b8000,0x00000000fa980000)
  to   space 18432K, 0% used [0x00000000f8580000,0x00000000f8580000,0x00000000f9780000)
 ParOldGen       total 98816K, used 44026K [0x00000000c4e00000, 0x00000000cae80000, 0x00000000ec500000)
  object space 98816K, 44% used [0x00000000c4e00000,0x00000000c78febe0,0x00000000cae80000)
 Metaspace       used 16928K, capacity 17132K, committed 17408K, reserved 1064960K
  class space    used 1874K, capacity 1950K, committed 2048K, reserved 1048576K

