# JRE version: OpenJDK Runtime Environment (8.0_60-b24) (build 1.8.0_60-b24)
# Java VM: OpenJDK 64-Bit Server VM (25.60-b23 mixed mode linux-amd64 compressed oops)
Heap:
 PSYoungGen      total 17920K, used 8415K [0x00000000ec500000, 0x00000000ee800000, 0x0000000100000000)
  eden space 15360K, 38% used [0x00000000ec500000,0x00000000ecab94c8,0x00000000ed400000)
  from space 2560K, 99% used [0x00000000ed400000,0x00000000ed67e858,0x00000000ed680000)
  to   space 2560K, 0% used [0x00000000ee580000,0x00000000ee580000,0x00000000ee800000)
 ParOldGen       total 40960K, used 9284K [0x00000000c4e00000, 0x00000000c7600000, 0x00000000ec500000)
  object space 40960K, 22% used [0x00000000c4e00000,0x00000000c5711390,0x00000000c7600000)
 Metaspace       used 18214K, capacity 18429K, committed 18560K, reserved 1067008K
  class space    used 1766K, capacity 1833K, committed 1920K, reserved 1048576K
GC Heap History (6 events):
Event: 1.034 GC heap before
{Heap before GC invocations=1 (full 0):
 PSYoungGen      total 17920K, used 15302K [0x00000000ec500000, 0x00000000ed900000, 0x0000000100000000)
  eden space 15360K, 99% used [0x00000000ec500000,0x00000000ed3f1920,0x00000000ed400000)
  from space 2560K, 0% used [0x00000000ed680000,0x00000000ed680000,0x00000000ed900000)
  to   space 2560K, 0% used [0x00000000ed400000,0x00000000ed400000,0x00000000ed680000)
 ParOldGen       total 40960K, used 0K [0x00000000c4e00000, 0x00000000c7600000, 0x00000000ec500000)
  object space 40960K, 0% used [0x00000000c4e00000,0x00000000c4e00000,0x00000000c7600000)
 Metaspace       used 13024K, capacity 13248K, committed 13568K, reserved 1060864K
  class space    used 1375K, capacity 1452K, committed 1536K, reserved 1048576K
Event: 1.044 GC heap after
Heap after GC invocations=1 (full 0):
 PSYoungGen      total 17920K, used 2559K [0x00000000ec500000, 0x00000000ed900000, 0x0000000100000000)
  eden space 15360K, 0% used [0x00000000ec500000,0x00000000ec500000,0x00000000ed400000)
  from space 2560K, 99% used [0x00000000ed400000,0x00000000ed67fc50,0x00000000ed680000)
  to   space 2560K, 0% used [0x00000000ed680000,0x00000000ed680000,0x00000000ed900000)
 ParOldGen       total 40960K, used 1596K [0x00000000c4e00000, 0x00000000c7600000, 0x00000000ec500000)
  object space 40960K, 3% used [0x00000000c4e00000,0x00000000c4f8f2b0,0x00000000c7600000)
 Metaspace       used 13024K, capacity 13248K, committed 13568K, reserved 1060864K
  class space    used 1375K, capacity 1452K, committed 1536K, reserved 1048576K
}
Event: 1.841 GC heap before
{Heap before GC invocations=2 (full 0):
 PSYoungGen      total 17920K, used 16125K [0x00000000ec500000, 0x00000000ed900000, 0x0000000100000000)
  eden space 15360K, 88% used [0x00000000ec500000,0x00000000ed23f8a8,0x00000000ed400000)
  from space 2560K, 99% used [0x00000000ed400000,0x00000000ed67fc50,0x00000000ed680000)
  to   space 2560K, 0% used [0x00000000ed680000,0x00000000ed680000,0x00000000ed900000)
 ParOldGen       total 40960K, used 1596K [0x00000000c4e00000, 0x00000000c7600000, 0x00000000ec500000)
  object space 40960K, 3% used [0x00000000c4e00000,0x00000000c4f8f2b0,0x00000000c7600000)
 Metaspace       used 17239K, capacity 17453K, committed 17664K, reserved 1064960K
  class space    used 1642K, capacity 1701K, committed 1792K, reserved 1048576K
Event: 1.855 GC heap after
Heap after GC invocations=2 (full 0):
 PSYoungGen      total 17920K, used 2543K [0x00000000ec500000, 0x00000000ee800000, 0x0000000100000000)
  eden space 15360K, 0% used [0x00000000ec500000,0x00000000ec500000,0x00000000ed400000)
  from space 2560K, 99% used [0x00000000ed680000,0x00000000ed8fbc50,0x00000000ed900000)
  to   space 2560K, 0% used [0x00000000ed400000,0x00000000ed400000,0x00000000ed680000)
 ParOldGen       total 40960K, used 4782K [0x00000000c4e00000, 0x00000000c7600000, 0x00000000ec500000)
  object space 40960K, 11% used [0x00000000c4e00000,0x00000000c52ab8f8,0x00000000c7600000)
 Metaspace       used 17239K, capacity 17453K, committed 17664K, reserved 1064960K
  class space    used 1642K, capacity 1701K, committed 1792K, reserved 1048576K
}
Event: 2.111 GC heap before
{Heap before GC invocations=3 (full 0):
 PSYoungGen      total 17920K, used 17174K [0x00000000ec500000, 0x00000000ee800000, 0x0000000100000000)
  eden space 15360K, 95% used [0x00000000ec500000,0x00000000ed349e00,0x00000000ed400000)
  from space 2560K, 99% used [0x00000000ed680000,0x00000000ed8fbc50,0x00000000ed900000)
  to   space 2560K, 0% used [0x00000000ed400000,0x00000000ed400000,0x00000000ed680000)
 ParOldGen       total 40960K, used 4782K [0x00000000c4e00000, 0x00000000c7600000, 0x00000000ec500000)
  object space 40960K, 11% used [0x00000000c4e00000,0x00000000c52ab8f8,0x00000000c7600000)
 Metaspace       used 17991K, capacity 18173K, committed 18304K, reserved 1064960K
  class space    used 1745K, capacity 1833K, committed 1920K, reserved 1048576K
Event: 2.125 GC heap after
Heap after GC invocations=3 (full 0):
 PSYoungGen      total 17920K, used 2554K [0x00000000ec500000, 0x00000000ee800000, 0x0000000100000000)
  eden space 15360K, 0% used [0x00000000ec500000,0x00000000ec500000,0x00000000ed400000)
  from space 2560K, 99% used [0x00000000ed400000,0x00000000ed67e858,0x00000000ed680000)
  to   space 2560K, 0% used [0x00000000ee580000,0x00000000ee580000,0x00000000ee800000)
 ParOldGen       total 40960K, used 9284K [0x00000000c4e00000, 0x00000000c7600000, 0x00000000ec500000)
  object space 40960K, 22% used [0x00000000c4e00000,0x00000000c5711390,0x00000000c7600000)
 Metaspace       used 17991K, capacity 18173K, committed 18304K, reserved 1064960K
  class space    used 1745K, capacity 1833K, committed 1920K, reserved 1048576K
}

