# JRE version: OpenJDK Runtime Environment (8.0_60-b24) (build 1.8.0_60-b24)
# Java VM: OpenJDK 64-Bit Server VM (25.60-b23 mixed mode linux-amd64 compressed oops)
Heap:
 PSYoungGen      total 33280K, used 14832K [0x00000000ec500000, 0x00000000ee800000, 0x0000000100000000)
  eden space 30720K, 40% used [0x00000000ec500000,0x00000000ed114a48,0x00000000ee300000)
  from space 2560K, 96% used [0x00000000ee580000,0x00000000ee7e7970,0x00000000ee800000)
  to   space 2560K, 0% used [0x00000000ee300000,0x00000000ee300000,0x00000000ee580000)
 ParOldGen       total 40960K, used 12441K [0x00000000c4e00000, 0x00000000c7600000, 0x00000000ec500000)
  object space 40960K, 30% used [0x00000000c4e00000,0x00000000c5a26610,0x00000000c7600000)
 Metaspace       used 18476K, capacity 18695K, committed 18816K, reserved 1067008K
  class space    used 1796K, capacity 1898K, committed 1920K, reserved 1048576K
GC Heap History (8 events):
Event: 0.952 GC heap before
{Heap before GC invocations=1 (full 0):
 PSYoungGen      total 17920K, used 15141K [0x00000000ec500000, 0x00000000ed900000, 0x0000000100000000)
  eden space 15360K, 98% used [0x00000000ec500000,0x00000000ed3c96c0,0x00000000ed400000)
  from space 2560K, 0% used [0x00000000ed680000,0x00000000ed680000,0x00000000ed900000)
  to   space 2560K, 0% used [0x00000000ed400000,0x00000000ed400000,0x00000000ed680000)
 ParOldGen       total 40960K, used 0K [0x00000000c4e00000, 0x00000000c7600000, 0x00000000ec500000)
  object space 40960K, 0% used [0x00000000c4e00000,0x00000000c4e00000,0x00000000c7600000)
 Metaspace       used 13087K, capacity 13290K, committed 13568K, reserved 1060864K
  class space    used 1388K, capacity 1485K, committed 1536K, reserved 1048576K
Event: 0.957 GC heap after
Heap after GC invocations=1 (full 0):
 PSYoungGen      total 17920K, used 2543K [0x00000000ec500000, 0x00000000ed900000, 0x0000000100000000)
  eden space 15360K, 0% used [0x00000000ec500000,0x00000000ec500000,0x00000000ed400000)
  from space 2560K, 99% used [0x00000000ed400000,0x00000000ed67bc40,0x00000000ed680000)
  to   space 2560K, 0% used [0x00000000ed680000,0x00000000ed680000,0x00000000ed900000)
 ParOldGen       total 40960K, used 1556K [0x00000000c4e00000, 0x00000000c7600000, 0x00000000ec500000)
  object space 40960K, 3% used [0x00000000c4e00000,0x00000000c4f85058,0x00000000c7600000)
 Metaspace       used 13087K, capacity 13290K, committed 13568K, reserved 1060864K
  class space    used 1388K, capacity 1485K, committed 1536K, reserved 1048576K
}
Event: 1.500 GC heap before
{Heap before GC invocations=2 (full 0):
 PSYoungGen      total 17920K, used 16022K [0x00000000ec500000, 0x00000000ed900000, 0x0000000100000000)
  eden space 15360K, 87% used [0x00000000ec500000,0x00000000ed229be0,0x00000000ed400000)
  from space 2560K, 99% used [0x00000000ed400000,0x00000000ed67bc40,0x00000000ed680000)
  to   space 2560K, 0% used [0x00000000ed680000,0x00000000ed680000,0x00000000ed900000)
 ParOldGen       total 40960K, used 1556K [0x00000000c4e00000, 0x00000000c7600000, 0x00000000ec500000)
  object space 40960K, 3% used [0x00000000c4e00000,0x00000000c4f85058,0x00000000c7600000)
 Metaspace       used 17288K, capacity 17527K, committed 17664K, reserved 1064960K
  class space    used 1649K, capacity 1702K, committed 1792K, reserved 1048576K
Event: 1.506 GC heap after
Heap after GC invocations=2 (full 0):
 PSYoungGen      total 17920K, used 2538K [0x00000000ec500000, 0x00000000ed900000, 0x0000000100000000)
  eden space 15360K, 0% used [0x00000000ec500000,0x00000000ec500000,0x00000000ed400000)
  from space 2560K, 99% used [0x00000000ed680000,0x00000000ed8fa810,0x00000000ed900000)
  to   space 2560K, 0% used [0x00000000ed400000,0x00000000ed400000,0x00000000ed680000)
 ParOldGen       total 40960K, used 4893K [0x00000000c4e00000, 0x00000000c7600000, 0x00000000ec500000)
  object space 40960K, 11% used [0x00000000c4e00000,0x00000000c52c74f0,0x00000000c7600000)
 Metaspace       used 17288K, capacity 17527K, committed 17664K, reserved 1064960K
  class space    used 1649K, capacity 1702K, committed 1792K, reserved 1048576K
}
Event: 1.622 GC heap before
{Heap before GC invocations=3 (full 0):
 PSYoungGen      total 17920K, used 17873K [0x00000000ec500000, 0x00000000ed900000, 0x0000000100000000)
  eden space 15360K, 99% used [0x00000000ec500000,0x00000000ed3f9c38,0x00000000ed400000)
  from space 2560K, 99% used [0x00000000ed680000,0x00000000ed8fa810,0x00000000ed900000)
  to   space 2560K, 0% used [0x00000000ed400000,0x00000000ed400000,0x00000000ed680000)
 ParOldGen       total 40960K, used 4893K [0x00000000c4e00000, 0x00000000c7600000, 0x00000000ec500000)
  object space 40960K, 11% used [0x00000000c4e00000,0x00000000c52c74f0,0x00000000c7600000)
 Metaspace       used 17413K, capacity 17623K, committed 17920K, reserved 1064960K
  class space    used 1658K, capacity 1734K, committed 1792K, reserved 1048576K
Event: 1.626 GC heap after
Heap after GC invocations=3 (full 0):
 PSYoungGen      total 17920K, used 2533K [0x00000000ec500000, 0x00000000ee800000, 0x0000000100000000)
  eden space 15360K, 0% used [0x00000000ec500000,0x00000000ec500000,0x00000000ed400000)
  from space 2560K, 98% used [0x00000000ed400000,0x00000000ed679480,0x00000000ed680000)
  to   space 2560K, 0% used [0x00000000ee580000,0x00000000ee580000,0x00000000ee800000)
 ParOldGen       total 40960K, used 9066K [0x00000000c4e00000, 0x00000000c7600000, 0x00000000ec500000)
  object space 40960K, 22% used [0x00000000c4e00000,0x00000000c56da920,0x00000000c7600000)
 Metaspace       used 17413K, capacity 17623K, committed 17920K, reserved 1064960K
  class space    used 1658K, capacity 1734K, committed 1792K, reserved 1048576K
}
Event: 1.776 GC heap before
{Heap before GC invocations=4 (full 0):
 PSYoungGen      total 17920K, used 17677K [0x00000000ec500000, 0x00000000ee800000, 0x0000000100000000)
  eden space 15360K, 98% used [0x00000000ec500000,0x00000000ed3ca2a8,0x00000000ed400000)
  from space 2560K, 98% used [0x00000000ed400000,0x00000000ed679480,0x00000000ed680000)
  to   space 2560K, 0% used [0x00000000ee580000,0x00000000ee580000,0x00000000ee800000)
 ParOldGen       total 40960K, used 9066K [0x00000000c4e00000, 0x00000000c7600000, 0x00000000ec500000)
  object space 40960K, 22% used [0x00000000c4e00000,0x00000000c56da920,0x00000000c7600000)
 Metaspace       used 17414K, capacity 17623K, committed 17920K, reserved 1064960K
  class space    used 1658K, capacity 1734K, committed 1792K, reserved 1048576K
Event: 1.782 GC heap after
Heap after GC invocations=4 (full 0):
 PSYoungGen      total 33280K, used 2462K [0x00000000ec500000, 0x00000000ee800000, 0x0000000100000000)
  eden space 30720K, 0% used [0x00000000ec500000,0x00000000ec500000,0x00000000ee300000)
  from space 2560K, 96% used [0x00000000ee580000,0x00000000ee7e7970,0x00000000ee800000)
  to   space 2560K, 0% used [0x00000000ee300000,0x00000000ee300000,0x00000000ee580000)
 ParOldGen       total 40960K, used 12441K [0x00000000c4e00000, 0x00000000c7600000, 0x00000000ec500000)
  object space 40960K, 30% used [0x00000000c4e00000,0x00000000c5a26610,0x00000000c7600000)
 Metaspace       used 17414K, capacity 17623K, committed 17920K, reserved 1064960K
  class space    used 1658K, capacity 1734K, committed 1792K, reserved 1048576K
}

